<?xml version="1.0" encoding="UTF-8"?>
<!-- Generated by org.testng.reporters.JUnitReportReporter -->
<testsuite skipped="0" hostname="LAPTOP-LUQLJ04V" name="commonFunctions.Testing" tests="1" failures="0" timestamp="24 Jun 2018 06:22:04 GMT" time="67.840" errors="0">
  <testcase name="test" time="67.840" classname="commonFunctions.Testing"/>
</testsuite> <!-- commonFunctions.Testing -->
